xrun(64): 23.03-s005: (c) Copyright 1995-2023 Cadence Design Systems, Inc.
TOOL:	xrun(64)	23.03-s005: Started on Nov 20, 2024 at 19:42:57 -03
xrun
	-f run.f
		-64
		-uvmhome /opt/cadence/XCELIUM2303/tools/methodology/UVM/CDNS-1.1d
		-incdir ../sv
		../sv/yapp_pkg.sv
		top.sv
Recompiling... reason: file './top.sv' is newer than expected.
	expected: Wed Nov 20 19:42:12 2024
	actual:   Wed Nov 20 19:42:55 2024
Compiling UVM packages (uvm_pkg.sv cdns_uvm_pkg.sv) using uvmhome location /opt/cadence/XCELIUM2303/tools/methodology/UVM/CDNS-1.1d
file: top.sv
	module worklib.top:sv
		errors: 0, warnings: 0
		Caching library 'worklib' ....... Done
	Elaborating the design hierarchy:
	Top level design units:
		uvm_pkg
		cdns_uvmapi
		cdns_assert2uvm_pkg
		cdns_uvm_pkg
		yapp_pkg
		top
	Building instance overlay tables: .................... Done
	Generating native compiled code:
		worklib.top:sv <0x669d8a96>
			streams:   1, words:  5314
	Building instance specific data structures.
	Loading native compiled code:     .................... Done
	Design hierarchy summary:
		                       Instances  Unique
		Modules:                       1       1
		Verilog packages:              5       5
		Registers:                 12819   10070
		Named events:                  4      12
		Initial blocks:              252     146
		Parallel blocks:              26      27
		Assertions:                    2       2
		SV Class declarations:       190     304
		SV Class specializations:    339     339
	Writing initial simulation snapshot: worklib.top:sv
Loading snapshot worklib.top:sv .................... Done
SVSEED default: 1
xcelium> source /opt/cadence/XCELIUM2303/tools/xcelium/files/xmsimrc
xcelium> source /opt/cadence/XCELIUM2303/tools/methodology/UVM/CDNS-1.1d/additions/sv/files/tcl/uvm_sim.tcl
xcelium> run
----------------------------------------------------------------
CDNS-UVM-1.1d (23.03-s005)
(C) 2007-2013 Mentor Graphics Corporation
(C) 2007-2013 Cadence Design Systems, Inc.
(C) 2006-2013 Synopsys, Inc.
(C) 2011-2013 Cypress Semiconductor Corp.
----------------------------------------------------------------

  ***********       IMPORTANT RELEASE NOTES         ************

  You are using a version of the UVM library that has been compiled
  with `UVM_NO_DEPRECATED undefined.
  See http://www.eda.org/svdb/view.php?id=3313 for more details.

  You are using a version of the UVM library that has been compiled
  with `UVM_OBJECT_MUST_HAVE_CONSTRUCTOR undefined.
  See http://www.eda.org/svdb/view.php?id=3770 for more details.

      (Specify +UVM_NO_RELNOTES to turn off this notice)

------------------------------------------------
Name            Type           Size  Value      
------------------------------------------------
yp1             yapp_packet    -     @2538      
  addr          integral       2     'h0        
  length        integral       6     'h31       
  payload       da(integral)   49    -          
    [0]         integral       8     'h86       
    [1]         integral       8     'hca       
    [2]         integral       8     'he7       
    [3]         integral       8     'h2        
    [4]         integral       8     'h8a       
    ...         ...            ...   ...        
    [44]        integral       8     'h35       
    [45]        integral       8     'h17       
    [46]        integral       8     'h3b       
    [47]        integral       8     'h77       
    [48]        integral       8     'h1a       
  parity        integral       8     'ha8       
  parity_type   parity_type_e  1     GOOD_PARITY
  packet_delay  integral       32    'h3e1b96ce 
------------------------------------------------
-----------------------------------------------
Name            Type           Size  Value     
-----------------------------------------------
yp1             yapp_packet    -     @2538     
  addr          integral       2     'h1       
  length        integral       6     'he       
  payload       da(integral)   14    -         
    [0]         integral       8     'hed      
    [1]         integral       8     'hf9      
    [2]         integral       8     'hb2      
    [3]         integral       8     'hf4      
    [4]         integral       8     'h27      
    ...         ...            ...   ...       
    [9]         integral       8     'hc       
    [10]        integral       8     'hbd      
    [11]        integral       8     'hc2      
    [12]        integral       8     'h10      
    [13]        integral       8     'h3e      
  parity        integral       8     'h0       
  parity_type   parity_type_e  1     BAD_PARITY
  packet_delay  integral       32    'h79c3d798
-----------------------------------------------
------------------------------------------------
Name            Type           Size  Value      
------------------------------------------------
yp1             yapp_packet    -     @2538      
  addr          integral       2     'h0        
  length        integral       6     'h30       
  payload       da(integral)   48    -          
    [0]         integral       8     'h4a       
    [1]         integral       8     'hae       
    [2]         integral       8     'hbb       
    [3]         integral       8     'h5f       
    [4]         integral       8     'hea       
    ...         ...            ...   ...        
    [43]        integral       8     'hcb       
    [44]        integral       8     'h60       
    [45]        integral       8     'hff       
    [46]        integral       8     'h9e       
    [47]        integral       8     'hf9       
  parity        integral       8     'hee       
  parity_type   parity_type_e  1     GOOD_PARITY
  packet_delay  integral       32    'hea8c5625 
------------------------------------------------
------------------------------------------------
Name            Type           Size  Value      
------------------------------------------------
yp1             yapp_packet    -     @2538      
  addr          integral       2     'h2        
  length        integral       6     'h3c       
  payload       da(integral)   60    -          
    [0]         integral       8     'h49       
    [1]         integral       8     'h18       
    [2]         integral       8     'h9f       
    [3]         integral       8     'hef       
    [4]         integral       8     'hf3       
    ...         ...            ...   ...        
    [55]        integral       8     'ha4       
    [56]        integral       8     'h1c       
    [57]        integral       8     'h11       
    [58]        integral       8     'h48       
    [59]        integral       8     'h4e       
  parity        integral       8     'h2b       
  parity_type   parity_type_e  1     GOOD_PARITY
  packet_delay  integral       32    'h874fd115 
------------------------------------------------
------------------------------------------------
Name            Type           Size  Value      
------------------------------------------------
yp1             yapp_packet    -     @2538      
  addr          integral       2     'h2        
  length        integral       6     'h14       
  payload       da(integral)   20    -          
    [0]         integral       8     'h81       
    [1]         integral       8     'hcf       
    [2]         integral       8     'h34       
    [3]         integral       8     'hc4       
    [4]         integral       8     'h36       
    ...         ...            ...   ...        
    [15]        integral       8     'h79       
    [16]        integral       8     'ha0       
    [17]        integral       8     'h8d       
    [18]        integral       8     'hb5       
    [19]        integral       8     'h52       
  parity        integral       8     'hb        
  parity_type   parity_type_e  1     GOOD_PARITY
  packet_delay  integral       32    'hc0b34a2c 
------------------------------------------------
yp1: (yapp_packet@2538) {
  addr: 'h2 
  length: 'h2b 
  payload: {
    [0]: 'hbf 
    [1]: 'h8b 
    [2]: 'hec 
    [3]: 'hdf 
    [4]: 'h8c 
    ...... 
    [38]: 'h74 
    [39]: 'h44 
    [40]: 'h98 
    [41]: 'hf7 
    [42]: 'h37 
  }
  parity: 'h0 
  parity_type: BAD_PARITY 
  packet_delay: 'h68f4600a 
}
yp2: (yapp_packet@2550) {
  addr: 'h2 
  length: 'h2b 
  payload: {
    [0]: 'hbf 
    [1]: 'h8b 
    [2]: 'hec 
    [3]: 'hdf 
    [4]: 'h8c 
    ...... 
    [38]: 'h74 
    [39]: 'h44 
    [40]: 'h98 
    [41]: 'hf7 
    [42]: 'h37 
  }
  parity: 'h0 
  parity_type: BAD_PARITY 
  packet_delay: 'h68f4600a 
}
yp1: (yapp_packet@2553) {
  addr: 'h2 
  length: 'h2b 
  payload: {
    [0]: 'hbf 
    [1]: 'h8b 
    [2]: 'hec 
    [3]: 'hdf 
    [4]: 'h8c 
    ...... 
    [38]: 'h74 
    [39]: 'h44 
    [40]: 'h98 
    [41]: 'hf7 
    [42]: 'h37 
  }
  parity: 'h0 
  parity_type: BAD_PARITY 
  packet_delay: 'h68f4600a 
}
yp1 match yp2
yp1 match yp3
xmsim: *W,RNQUIE: Simulation is complete.
xcelium> exit
TOOL:	xrun(64)	23.03-s005: Exiting on Nov 20, 2024 at 19:42:59 -03  (total: 00:00:02)
