xrun(64): 23.03-s005: (c) Copyright 1995-2023 Cadence Design Systems, Inc.
TOOL:	xrun(64)	23.03-s005: Started on Nov 21, 2024 at 21:32:42 -03
xrun
	-f run.f
		-64
		-uvmhome /opt/cadence/XCELIUM2303/tools/methodology/UVM/CDNS-1.1d
		-incdir ../sv
		../sv/yapp_pkg.sv
		top.sv
		+UVM_TESTNAME=base_test
		+UVM_VERBOSITY=UVM_HIGH
		+SVSEED=random

   User defined plus("+") options:
	+UVM_VERBOSITY=UVM_HIGH

Recompiling... reason: file '../sv/yapp_tx_agent.sv' is newer than expected.
	expected: Thu Nov 21 21:01:55 2024
	actual:   Thu Nov 21 21:31:54 2024
Compiling UVM packages (uvm_pkg.sv cdns_uvm_pkg.sv) using uvmhome location /opt/cadence/XCELIUM2303/tools/methodology/UVM/CDNS-1.1d
file: ../sv/yapp_pkg.sv
package yapp_pkg;
               |
xmvlog: *W,TSNSPK (../sv/yapp_pkg.sv,1|15): `timescale is not specified for the package.  The default timescale of 1ns/1ns will be assumed for this package.
	package worklib.yapp_pkg:sv
		errors: 0, warnings: 1
file: top.sv
	module worklib.top:sv
		errors: 0, warnings: 0
		Caching library 'worklib' ....... Done
	Elaborating the design hierarchy:
	Top level design units:
		uvm_pkg
		cdns_uvmapi
		cdns_assert2uvm_pkg
		cdns_uvm_pkg
		yapp_pkg
		top
	Building instance overlay tables: .................... Done
	Generating native compiled code:
		worklib.top:sv <0x512af2a0>
			streams:  62, words: 39511
		worklib.yapp_pkg:sv <0x23a2a51e>
			streams: 444, words: 477563
		worklib.cdns_uvm_pkg:sv <0x3209a7db>
			streams: 172, words: 247457
		worklib.cdns_uvmapi:svp <0x1656f016>
			streams:  27, words: 28542
		worklib.cdns_assert2uvm_pkg:sv <0x4b0a4d95>
			streams:   3, words:  1650
		worklib.uvm_pkg:sv <0x1e6d1895>
			streams: 4536, words: 6778247
	Building instance specific data structures.
	Loading native compiled code:     .................... Done
	Design hierarchy summary:
		                       Instances  Unique
		Modules:                       1       1
		Verilog packages:              5       5
		Registers:                 13699   10212
		Named events:                  4      12
		Initial blocks:              286     156
		Parallel blocks:              26      27
		Assertions:                    2       2
		SV Class declarations:       200     314
		SV Class specializations:    380     380
	Writing initial simulation snapshot: worklib.top:sv
Loading snapshot worklib.top:sv .................... Done
SVSEED set randomly from command line: 1955318410
xcelium> source /opt/cadence/XCELIUM2303/tools/xcelium/files/xmsimrc
xcelium> source /opt/cadence/XCELIUM2303/tools/methodology/UVM/CDNS-1.1d/additions/sv/files/tcl/uvm_sim.tcl
xcelium> run
----------------------------------------------------------------
CDNS-UVM-1.1d (23.03-s005)
(C) 2007-2013 Mentor Graphics Corporation
(C) 2007-2013 Cadence Design Systems, Inc.
(C) 2006-2013 Synopsys, Inc.
(C) 2011-2013 Cypress Semiconductor Corp.
----------------------------------------------------------------

  ***********       IMPORTANT RELEASE NOTES         ************

  You are using a version of the UVM library that has been compiled
  with `UVM_NO_DEPRECATED undefined.
  See http://www.eda.org/svdb/view.php?id=3313 for more details.

  You are using a version of the UVM library that has been compiled
  with `UVM_OBJECT_MUST_HAVE_CONSTRUCTOR undefined.
  See http://www.eda.org/svdb/view.php?id=3770 for more details.

      (Specify +UVM_NO_RELNOTES to turn off this notice)

UVM_INFO @ 0: reporter [RNTST] Running test base_test...
UVM_INFO router_test_lib.sv(11) @ 0: uvm_test_top [base_test] Build phase is being executed
UVM_INFO router_tb.sv(11) @ 0: uvm_test_top.tb [router_tb] Build phase is being executed
UVM_INFO @ 0: reporter [UVMTOP] UVM testbench topology:
----------------------------------------------------------------------
Name                         Type                     Size  Value     
----------------------------------------------------------------------
uvm_test_top                 base_test                -     @2580     
  tb                         router_tb                -     @2644     
    env                      yapp_env                 -     @2690     
      agent                  yapp_tx_agent            -     @2718     
        driver               yapp_tx_driver           -     @3423     
          rsp_port           uvm_analysis_port        -     @3521     
          seq_item_port      uvm_seq_item_pull_port   -     @3472     
        monitor              yapp_tx_monitor          -     @2753     
        sequencer            yapp_tx_sequencer        -     @2750     
          rsp_export         uvm_analysis_export      -     @2841     
          seq_item_export    uvm_seq_item_pull_imp    -     @3391     
          arbitration_queue  array                    0     -         
          lock_queue         array                    0     -         
          num_last_reqs      integral                 32    'd1       
          num_last_rsps      integral                 32    'd1       
        is_active            uvm_active_passive_enum  1     UVM_ACTIVE
----------------------------------------------------------------------

UVM_INFO ../sv/yapp_tx_driver.sv(22) @ 0: uvm_test_top.tb.env.agent.driver [yapp_tx_driver] start of simulation phase
UVM_INFO ../sv/yapp_tx_monitor.sv(13) @ 0: uvm_test_top.tb.env.agent.monitor [yapp_tx_monitor] start of simulation phase
UVM_INFO ../sv/yapp_tx_sequencer.sv(9) @ 0: uvm_test_top.tb.env.agent.sequencer [yapp_tx_sequencer] start of simulation phase
UVM_INFO ../sv/yapp_tx_agent.sv(30) @ 0: uvm_test_top.tb.env.agent [yapp_tx_agent] start of simulation phase
UVM_INFO router_tb.sv(17) @ 0: uvm_test_top.tb [router_tb] start of simulation phase
UVM_INFO ../sv/yapp_tx_monitor.sv(9) @ 0: uvm_test_top.tb.env.agent.monitor [yapp_tx_monitor] inside of the run phase
UVM_INFO ../sv/yapp_tx_seqs.sv(37) @ 0: uvm_test_top.tb.env.agent.sequencer@@yapp_5_packets [yapp_5_packets] raise objection
UVM_INFO ../sv/yapp_tx_seqs.sv(81) @ 0: uvm_test_top.tb.env.agent.sequencer@@yapp_5_packets [yapp_5_packets] Executing yapp_5_packets sequence
UVM_INFO ../sv/yapp_tx_driver.sv(17) @ 0: uvm_test_top.tb.env.agent.driver [yapp_tx_driver] Packet is 
------------------------------------------------------------------------------------------------------
Name                           Type           Size  Value                                             
------------------------------------------------------------------------------------------------------
req                            yapp_packet    -     @3579                                             
  addr                         integral       2     'h0                                               
  length                       integral       6     'hf                                               
  payload                      da(integral)   15    -                                                 
    [0]                        integral       8     'h4a                                              
    [1]                        integral       8     'h80                                              
    [2]                        integral       8     'hd1                                              
    [3]                        integral       8     'hb7                                              
    [4]                        integral       8     'h69                                              
    ...                        ...            ...   ...                                               
    [10]                       integral       8     'h2                                               
    [11]                       integral       8     'h4                                               
    [12]                       integral       8     'ha                                               
    [13]                       integral       8     'he7                                              
    [14]                       integral       8     'h2f                                              
  parity                       integral       8     'h0                                               
  parity_type                  parity_type_e  1     BAD_PARITY                                        
  packet_delay                 integral       32    'h91de0d96                                        
  begin_time                   time           64    0                                                 
  depth                        int            32    'd2                                               
  parent sequence (name)       string         14    yapp_5_packets                                    
  parent sequence (full name)  string         50    uvm_test_top.tb.env.agent.sequencer.yapp_5_packets
  sequencer                    string         35    uvm_test_top.tb.env.agent.sequencer               
------------------------------------------------------------------------------------------------------

UVM_INFO ../sv/yapp_tx_driver.sv(17) @ 10: uvm_test_top.tb.env.agent.driver [yapp_tx_driver] Packet is 
------------------------------------------------------------------------------------------------------
Name                           Type           Size  Value                                             
------------------------------------------------------------------------------------------------------
req                            yapp_packet    -     @3758                                             
  addr                         integral       2     'h2                                               
  length                       integral       6     'h2                                               
  payload                      da(integral)   2     -                                                 
    [0]                        integral       8     'h8c                                              
    [1]                        integral       8     'h55                                              
  parity                       integral       8     'h0                                               
  parity_type                  parity_type_e  1     BAD_PARITY                                        
  packet_delay                 integral       32    'ha186fa7a                                        
  begin_time                   time           64    10                                                
  depth                        int            32    'd2                                               
  parent sequence (name)       string         14    yapp_5_packets                                    
  parent sequence (full name)  string         50    uvm_test_top.tb.env.agent.sequencer.yapp_5_packets
  sequencer                    string         35    uvm_test_top.tb.env.agent.sequencer               
------------------------------------------------------------------------------------------------------

UVM_INFO ../sv/yapp_tx_driver.sv(17) @ 20: uvm_test_top.tb.env.agent.driver [yapp_tx_driver] Packet is 
------------------------------------------------------------------------------------------------------
Name                           Type           Size  Value                                             
------------------------------------------------------------------------------------------------------
req                            yapp_packet    -     @3692                                             
  addr                         integral       2     'h2                                               
  length                       integral       6     'h28                                              
  payload                      da(integral)   40    -                                                 
    [0]                        integral       8     'h57                                              
    [1]                        integral       8     'h40                                              
    [2]                        integral       8     'hb6                                              
    [3]                        integral       8     'hdf                                              
    [4]                        integral       8     'h9a                                              
    ...                        ...            ...   ...                                               
    [35]                       integral       8     'he                                               
    [36]                       integral       8     'haf                                              
    [37]                       integral       8     'h61                                              
    [38]                       integral       8     'hb8                                              
    [39]                       integral       8     'h6a                                              
  parity                       integral       8     'h0                                               
  parity_type                  parity_type_e  1     BAD_PARITY                                        
  packet_delay                 integral       32    'hcaf8a73a                                        
  begin_time                   time           64    20                                                
  depth                        int            32    'd2                                               
  parent sequence (name)       string         14    yapp_5_packets                                    
  parent sequence (full name)  string         50    uvm_test_top.tb.env.agent.sequencer.yapp_5_packets
  sequencer                    string         35    uvm_test_top.tb.env.agent.sequencer               
------------------------------------------------------------------------------------------------------

UVM_INFO ../sv/yapp_tx_driver.sv(17) @ 30: uvm_test_top.tb.env.agent.driver [yapp_tx_driver] Packet is 
------------------------------------------------------------------------------------------------------
Name                           Type           Size  Value                                             
------------------------------------------------------------------------------------------------------
req                            yapp_packet    -     @3774                                             
  addr                         integral       2     'h0                                               
  length                       integral       6     'he                                               
  payload                      da(integral)   14    -                                                 
    [0]                        integral       8     'h5d                                              
    [1]                        integral       8     'h6b                                              
    [2]                        integral       8     'hb1                                              
    [3]                        integral       8     'h2d                                              
    [4]                        integral       8     'h7                                               
    ...                        ...            ...   ...                                               
    [9]                        integral       8     'h96                                              
    [10]                       integral       8     'hcc                                              
    [11]                       integral       8     'h46                                              
    [12]                       integral       8     'h5c                                              
    [13]                       integral       8     'h77                                              
  parity                       integral       8     'h5d                                              
  parity_type                  parity_type_e  1     GOOD_PARITY                                       
  packet_delay                 integral       32    'h1eec397c                                        
  begin_time                   time           64    30                                                
  depth                        int            32    'd2                                               
  parent sequence (name)       string         14    yapp_5_packets                                    
  parent sequence (full name)  string         50    uvm_test_top.tb.env.agent.sequencer.yapp_5_packets
  sequencer                    string         35    uvm_test_top.tb.env.agent.sequencer               
------------------------------------------------------------------------------------------------------

UVM_INFO ../sv/yapp_tx_driver.sv(17) @ 40: uvm_test_top.tb.env.agent.driver [yapp_tx_driver] Packet is 
------------------------------------------------------------------------------------------------------
Name                           Type           Size  Value                                             
------------------------------------------------------------------------------------------------------
req                            yapp_packet    -     @3723                                             
  addr                         integral       2     'h1                                               
  length                       integral       6     'h1                                               
  payload                      da(integral)   1     -                                                 
    [0]                        integral       8     'hdf                                              
  parity                       integral       8     'hda                                              
  parity_type                  parity_type_e  1     GOOD_PARITY                                       
  packet_delay                 integral       32    'h5562850                                         
  begin_time                   time           64    40                                                
  depth                        int            32    'd2                                               
  parent sequence (name)       string         14    yapp_5_packets                                    
  parent sequence (full name)  string         50    uvm_test_top.tb.env.agent.sequencer.yapp_5_packets
  sequencer                    string         35    uvm_test_top.tb.env.agent.sequencer               
------------------------------------------------------------------------------------------------------

UVM_INFO ../sv/yapp_tx_seqs.sv(51) @ 50: uvm_test_top.tb.env.agent.sequencer@@yapp_5_packets [yapp_5_packets] drop objection
UVM_INFO /opt/cadence/XCELIUM2303/tools/methodology/UVM/CDNS-1.1d/sv/src/base/uvm_objection.svh(1268) @ 50: reporter [TEST_DONE] 'run' phase is ready to proceed to the 'extract' phase

--- UVM Report catcher Summary ---


Number of demoted UVM_FATAL reports  :    0
Number of demoted UVM_ERROR reports  :    0
Number of demoted UVM_WARNING reports:    0
Number of caught UVM_FATAL reports   :    0
Number of caught UVM_ERROR reports   :    0
Number of caught UVM_WARNING reports :    0

--- UVM Report Summary ---

** Report counts by severity
UVM_INFO :   19
UVM_WARNING :    0
UVM_ERROR :    0
UVM_FATAL :    0
** Report counts by id
[RNTST]     1
[TEST_DONE]     1
[UVMTOP]     1
[base_test]     1
[router_tb]     2
[yapp_5_packets]     3
[yapp_tx_agent]     1
[yapp_tx_driver]     6
[yapp_tx_monitor]     2
[yapp_tx_sequencer]     1
Simulation complete via $finish(1) at time 50 NS + 49
/opt/cadence/XCELIUM2303/tools/methodology/UVM/CDNS-1.1d/sv/src/base/uvm_root.svh:457     $finish;
xcelium> exit
TOOL:	xrun(64)	23.03-s005: Exiting on Nov 21, 2024 at 21:32:46 -03  (total: 00:00:04)
