xrun(64): 23.03-s005: (c) Copyright 1995-2023 Cadence Design Systems, Inc.
TOOL:	xrun(64)	23.03-s005: Started on Nov 24, 2024 at 23:06:46 -03
xrun
	-f run.f
		-64
		-uvmhome /opt/cadence/XCELIUM2303/tools/methodology/UVM/CDNS-1.1d
		-timescale 1ns/1ns
		-incdir ../sv
		../sv/yapp_pkg.sv
		../sv/yapp_if.sv
		../../router_rtl/yapp_router.sv
		clkgen.sv
		hw_top.sv
		tb_top.sv
		+UVM_TESTNAME=yapp_012_test
		+UVM_VERBOSITY=UVM_HIGH
		+SVSEED=random
	-gui
	-access rwc

   User defined plus("+") options:
	+UVM_VERBOSITY=UVM_HIGH

Recompiling... reason: file '../sv/yapp_packet.sv' is newer than expected.
	expected: Sun Nov 24 23:04:36 2024
	actual:   Sun Nov 24 23:06:24 2024
Compiling UVM packages (uvm_pkg.sv cdns_uvm_pkg.sv) using uvmhome location /opt/cadence/XCELIUM2303/tools/methodology/UVM/CDNS-1.1d
file: ../sv/yapp_pkg.sv
	package worklib.yapp_pkg:sv
		errors: 0, warnings: 0
file: ../sv/yapp_if.sv
	interface worklib.yapp_if:sv
		errors: 0, warnings: 0
file: tb_top.sv
	module worklib.top:sv
		errors: 0, warnings: 0
		Caching library 'worklib' ....... Done
	Elaborating the design hierarchy:
	Top level design units:
		$unit_0x1c833924
		uvm_pkg
		cdns_uvmapi
		cdns_assert2uvm_pkg
		cdns_uvm_pkg
		yapp_pkg
		hw_top
		top
	Building instance overlay tables: .................... Done
	Generating native compiled code:
		worklib.top:sv <0x45c86252>
			streams: 145, words: 96725
		worklib.hw_top:sv <0x4aee6049>
			streams:   9, words:  3796
		worklib.yapp_if:sv <0x2058a245>
			streams: 738, words: 896198
	Building instance specific data structures.
	Loading native compiled code:     .................... Done
	Design hierarchy summary:
		                       Instances  Unique
		Modules:                       9       7
		Interfaces:                    1       1
		Verilog packages:              5       5
		Registers:                 14731   10588
		Scalar wires:                 45       -
		Vectored wires:               27       -
		Named events:                  5      13
		Always blocks:                18      14
		Initial blocks:              331     173
		Parallel blocks:              29      30
		Cont. assignments:            20      41
		Pseudo assignments:           10       -
		Assertions:                    3       3
		Compilation units:             1       1
		SV Class declarations:       213     327
		SV Class specializations:    410     410
		Simulation timescale:      100ps
	Writing initial simulation snapshot: worklib.hw_top:sv
xmsim: *W,NOMTDGUI: Multi-Threaded Dumping is disabled for interactive debug mode.
SVSEED set randomly from command line: 1138466503

-------------------------------------
Relinquished control to SimVision...
xcelium> 
xcelium> source /opt/cadence/XCELIUM2303/tools/xcelium/files/xmsimrc
xcelium> source /opt/cadence/XCELIUM2303/tools/methodology/UVM/CDNS-1.1d/additions/sv/files/tcl/uvm_sim.tcl
xcelium> run
----------------------------------------------------------------
CDNS-UVM-1.1d (23.03-s005)
(C) 2007-2013 Mentor Graphics Corporation
(C) 2007-2013 Cadence Design Systems, Inc.
(C) 2006-2013 Synopsys, Inc.
(C) 2011-2013 Cypress Semiconductor Corp.
----------------------------------------------------------------

  ***********       IMPORTANT RELEASE NOTES         ************

  You are using a version of the UVM library that has been compiled
  with `UVM_NO_DEPRECATED undefined.
  See http://www.eda.org/svdb/view.php?id=3313 for more details.

  You are using a version of the UVM library that has been compiled
  with `UVM_OBJECT_MUST_HAVE_CONSTRUCTOR undefined.
  See http://www.eda.org/svdb/view.php?id=3770 for more details.

      (Specify +UVM_NO_RELNOTES to turn off this notice)

UVM_INFO @ 0: reporter [RNTST] Running test yapp_012_test...
UVM_INFO router_test_lib.sv(11) @ 0: uvm_test_top [yapp_012_test] Build phase is being executed
UVM_INFO router_tb.sv(11) @ 0: uvm_test_top.tb [router_tb] Build phase is being executed
UVM_INFO @ 0: reporter [UVMTOP] UVM testbench topology:
-----------------------------------------------------------------------
Name                          Type                     Size  Value     
-----------------------------------------------------------------------
uvm_test_top                  yapp_012_test            -     @2698     
  tb                          router_tb                -     @2772     
    env                       yapp_env                 -     @2816     
      agent                   yapp_tx_agent            -     @2849     
        driver                yapp_tx_driver           -     @3505     
          rsp_port            uvm_analysis_port        -     @3656     
            recording_detail  integral                 32    'd1       
          seq_item_port       uvm_seq_item_pull_port   -     @3607     
            recording_detail  integral                 32    'd1       
          num_sent            integral                 32    'h0       
          recording_detail    integral                 32    'd1       
        monitor               yapp_tx_monitor          -     @2884     
          num_pkt_col         integral                 32    'h0       
          recording_detail    integral                 32    'd1       
        sequencer             yapp_tx_sequencer        -     @2879     
          rsp_export          uvm_analysis_export      -     @2976     
            recording_detail  integral                 32    'd1       
          seq_item_export     uvm_seq_item_pull_imp    -     @3526     
            recording_detail  integral                 32    'd1       
          recording_detail    integral                 32    'd1       
          arbitration_queue   array                    0     -         
          lock_queue          array                    0     -         
          num_last_reqs       integral                 32    'd1       
          num_last_rsps       integral                 32    'd1       
        is_active             uvm_active_passive_enum  1     UVM_ACTIVE
        recording_detail      integral                 32    'd1       
      recording_detail        integral                 32    'd1       
    recording_detail          integral                 32    'd1       
-----------------------------------------------------------------------

UVM_INFO ../sv/yapp_tx_driver.sv(71) @ 0: uvm_test_top.tb.env.agent.driver [yapp_tx_driver] start of simulation phase
UVM_INFO ../sv/yapp_tx_monitor.sv(51) @ 0: uvm_test_top.tb.env.agent.monitor [yapp_tx_monitor] start of simulation phase
UVM_INFO ../sv/yapp_tx_sequencer.sv(9) @ 0: uvm_test_top.tb.env.agent.sequencer [yapp_tx_sequencer] start of simulation phase
UVM_INFO ../sv/yapp_tx_agent.sv(30) @ 0: uvm_test_top.tb.env.agent [yapp_tx_agent] start of simulation phase
UVM_INFO router_tb.sv(17) @ 0: uvm_test_top.tb [router_tb] start of simulation phase
stop -create -name Randomize -randomize
Created stop Randomize

SDI/Verilog Transaction Recording Facility Version 23.03-s005
UVM_INFO ../sv/yapp_tx_seqs.sv(37) @ 0: uvm_test_top.tb.env.agent.sequencer@@yapp_012_seq [yapp_012_seq] raise objection
UVM_INFO ../sv/yapp_tx_seqs.sv(114) @ 0: uvm_test_top.tb.env.agent.sequencer@@yapp_012_seq [yapp_012_seq] Executing yapp_012_seq sequence
UVM_INFO ../sv/yapp_tx_driver.sv(29) @ 60: uvm_test_top.tb.env.agent.driver [yapp_tx_driver] Reset dropped
UVM_INFO ../sv/yapp_tx_monitor.sv(24) @ 60: uvm_test_top.tb.env.agent.monitor [yapp_tx_monitor] Detected Reset Done
UVM_INFO ../sv/yapp_tx_driver.sv(34) @ 60: uvm_test_top.tb.env.agent.driver [yapp_tx_driver] Sending Packet :
--------------------------------------------------------------------------------------------------------
Name                           Type               Size  Value                                           
--------------------------------------------------------------------------------------------------------
req                            short_yapp_packet  -     @3771                                           
  addr                         integral           2     'h0                                             
  length                       integral           6     'hb                                             
  payload                      da(integral)       11    -                                               
    [0]                        integral           8     'hf8                                            
    [1]                        integral           8     'h9b                                            
    [2]                        integral           8     'hd6                                            
    [3]                        integral           8     'h80                                            
    [4]                        integral           8     'hed                                            
    ...                        ...                ...   ...                                             
    [6]                        integral           8     'h81                                            
    [7]                        integral           8     'h55                                            
    [8]                        integral           8     'hb0                                            
    [9]                        integral           8     'hd9                                            
    [10]                       integral           8     'hc                                             
  parity                       integral           8     'h20                                            
  parity_type                  parity_type_e      1     GOOD_PARITY                                     
  packet_delay                 integral           32    'ha                                             
  begin_time                   time               64    60                                              
  depth                        int                32    'd2                                             
  parent sequence (name)       string             12    yapp_012_seq                                    
  parent sequence (full name)  string             48    uvm_test_top.tb.env.agent.sequencer.yapp_012_seq
  sequencer                    string             35    uvm_test_top.tb.env.agent.sequencer             
--------------------------------------------------------------------------------------------------------

UVM_INFO ../sv/yapp_if.sv(89) @ 1200: reporter [YAPP_IF] collect packets
UVM_INFO ../sv/yapp_tx_monitor.sv(40) @ 2400: uvm_test_top.tb.env.agent.monitor [yapp_tx_monitor] Packet Collected :
----------------------------------------------------
Name            Type               Size  Value      
----------------------------------------------------
pkt             short_yapp_packet  -     @3753      
  addr          integral           2     'h0        
  length        integral           6     'hb        
  payload       da(integral)       11    -          
    [0]         integral           8     'hf8       
    [1]         integral           8     'h9b       
    [2]         integral           8     'hd6       
    [3]         integral           8     'h80       
    [4]         integral           8     'hed       
    ...         ...                ...   ...        
    [6]         integral           8     'h81       
    [7]         integral           8     'h55       
    [8]         integral           8     'hb0       
    [9]         integral           8     'hd9       
    [10]        integral           8     'hc        
  parity        integral           8     'h20       
  parity_type   parity_type_e      1     GOOD_PARITY
  packet_delay  integral           32    'h0        
  begin_time    time               64    1200       
  end_time      time               64    2400       
----------------------------------------------------

UVM_INFO ../sv/yapp_tx_driver.sv(34) @ 2450: uvm_test_top.tb.env.agent.driver [yapp_tx_driver] Sending Packet :
--------------------------------------------------------------------------------------------------------
Name                           Type               Size  Value                                           
--------------------------------------------------------------------------------------------------------
req                            short_yapp_packet  -     @3923                                           
  addr                         integral           2     'h1                                             
  length                       integral           6     'h7                                             
  payload                      da(integral)       7     -                                               
    [0]                        integral           8     'he                                             
    [1]                        integral           8     'h18                                            
    [2]                        integral           8     'h25                                            
    [3]                        integral           8     'hff                                            
    [4]                        integral           8     'h1f                                            
    [5]                        integral           8     'h7b                                            
    [6]                        integral           8     'h34                                            
  parity                       integral           8     'h81                                            
  parity_type                  parity_type_e      1     GOOD_PARITY                                     
  packet_delay                 integral           32    'hd                                             
  begin_time                   time               64    2450                                            
  depth                        int                32    'd2                                             
  parent sequence (name)       string             12    yapp_012_seq                                    
  parent sequence (full name)  string             48    uvm_test_top.tb.env.agent.sequencer.yapp_012_seq
  sequencer                    string             35    uvm_test_top.tb.env.agent.sequencer             
--------------------------------------------------------------------------------------------------------

UVM_INFO ../sv/yapp_if.sv(89) @ 3900: reporter [YAPP_IF] collect packets
UVM_INFO ../sv/yapp_tx_monitor.sv(40) @ 4700: uvm_test_top.tb.env.agent.monitor [yapp_tx_monitor] Packet Collected :
----------------------------------------------------
Name            Type               Size  Value      
----------------------------------------------------
pkt             short_yapp_packet  -     @3932      
  addr          integral           2     'h1        
  length        integral           6     'h7        
  payload       da(integral)       7     -          
    [0]         integral           8     'he        
    [1]         integral           8     'h18       
    [2]         integral           8     'h25       
    [3]         integral           8     'hff       
    [4]         integral           8     'h1f       
    [5]         integral           8     'h7b       
    [6]         integral           8     'h34       
  parity        integral           8     'h81       
  parity_type   parity_type_e      1     GOOD_PARITY
  packet_delay  integral           32    'h0        
  begin_time    time               64    3900       
  end_time      time               64    4700       
----------------------------------------------------

UVM_INFO ../sv/yapp_tx_driver.sv(34) @ 4750: uvm_test_top.tb.env.agent.driver [yapp_tx_driver] Sending Packet :
--------------------------------------------------------------------------------------------------------
Name                           Type               Size  Value                                           
--------------------------------------------------------------------------------------------------------
req                            short_yapp_packet  -     @3851                                           
  addr                         integral           2     'h2                                             
  length                       integral           6     'he                                             
  payload                      da(integral)       14    -                                               
    [0]                        integral           8     'h5f                                            
    [1]                        integral           8     'h8a                                            
    [2]                        integral           8     'had                                            
    [3]                        integral           8     'hef                                            
    [4]                        integral           8     'heb                                            
    ...                        ...                ...   ...                                             
    [9]                        integral           8     'h50                                            
    [10]                       integral           8     'h2d                                            
    [11]                       integral           8     'h45                                            
    [12]                       integral           8     'h30                                            
    [13]                       integral           8     'h5d                                            
  parity                       integral           8     'h3e                                            
  parity_type                  parity_type_e      1     GOOD_PARITY                                     
  packet_delay                 integral           32    'hb                                             
  begin_time                   time               64    4750                                            
  depth                        int                32    'd2                                             
  parent sequence (name)       string             12    yapp_012_seq                                    
  parent sequence (full name)  string             48    uvm_test_top.tb.env.agent.sequencer.yapp_012_seq
  sequencer                    string             35    uvm_test_top.tb.env.agent.sequencer             
--------------------------------------------------------------------------------------------------------

UVM_INFO ../sv/yapp_if.sv(89) @ 6000: reporter [YAPP_IF] collect packets
UVM_INFO ../sv/yapp_tx_monitor.sv(40) @ 7500: uvm_test_top.tb.env.agent.monitor [yapp_tx_monitor] Packet Collected :
----------------------------------------------------
Name            Type               Size  Value      
----------------------------------------------------
pkt             short_yapp_packet  -     @3903      
  addr          integral           2     'h2        
  length        integral           6     'he        
  payload       da(integral)       14    -          
    [0]         integral           8     'h5f       
    [1]         integral           8     'h8a       
    [2]         integral           8     'had       
    [3]         integral           8     'hef       
    [4]         integral           8     'heb       
    ...         ...                ...   ...        
    [9]         integral           8     'h50       
    [10]        integral           8     'h2d       
    [11]        integral           8     'h45       
    [12]        integral           8     'h30       
    [13]        integral           8     'h5d       
  parity        integral           8     'h3e       
  parity_type   parity_type_e      1     GOOD_PARITY
  packet_delay  integral           32    'h0        
  begin_time    time               64    6000       
  end_time      time               64    7500       
----------------------------------------------------

UVM_INFO ../sv/yapp_tx_seqs.sv(51) @ 7550: uvm_test_top.tb.env.agent.sequencer@@yapp_012_seq [yapp_012_seq] drop objection
UVM_INFO /opt/cadence/XCELIUM2303/tools/methodology/UVM/CDNS-1.1d/sv/src/base/uvm_objection.svh(1268) @ 9550: reporter [TEST_DONE] 'run' phase is ready to proceed to the 'extract' phase
UVM_INFO ../sv/yapp_tx_driver.sv(67) @ 9550: uvm_test_top.tb.env.agent.driver [yapp_tx_driver] Report: YAPP TX driver sent 3 packets
UVM_INFO ../sv/yapp_tx_monitor.sv(47) @ 9550: uvm_test_top.tb.env.agent.monitor [yapp_tx_monitor] Report: YAPP Monitor Collected 3 Packets

--- UVM Report catcher Summary ---


Number of demoted UVM_FATAL reports  :    0
Number of demoted UVM_ERROR reports  :    0
Number of demoted UVM_WARNING reports:    0
Number of caught UVM_FATAL reports   :    0
Number of caught UVM_ERROR reports   :    0
Number of caught UVM_WARNING reports :    0

--- UVM Report Summary ---

** Report counts by severity
UVM_INFO :   26
UVM_WARNING :    0
UVM_ERROR :    0
UVM_FATAL :    0
** Report counts by id
[RNTST]     1
[TEST_DONE]     1
[UVMTOP]     1
[YAPP_IF]     3
[router_tb]     2
[yapp_012_seq]     3
[yapp_012_test]     1
[yapp_tx_agent]     1
[yapp_tx_driver]     6
[yapp_tx_monitor]     6
[yapp_tx_sequencer]     1
Simulation complete via $finish(1) at time 955 NS + 46
/opt/cadence/XCELIUM2303/tools/methodology/UVM/CDNS-1.1d/sv/src/base/uvm_root.svh:457     $finish;
xcelium> ^C
xcelium> exit
...Regained control from SimVision
-------------------------------------
TOOL:	xrun(64)	23.03-s005: Exiting on Nov 24, 2024 at 23:07:28 -03  (total: 00:00:42)
